INFO:root:Episode: 0
INFO:root:Ending episode: done False, consecutive negative rewards 101
INFO:root:Total steps in episode: 113
INFO:root:Replay buffer size: 113
INFO:root:Total step count: 113
INFO:root:Epsilon: 0.05
INFO:root:Total reward for episode: -3.3749049429662605
INFO:root:Running average rewards: -3.3749049429662605 

INFO:root:Episode: 1
INFO:root:Ending episode: done True, consecutive negative rewards 39
INFO:root:Total steps in episode: 48
INFO:root:Replay buffer size: 161
INFO:root:Total step count: 161
INFO:root:Epsilon: 0.05
INFO:root:Total reward for episode: -87.74735202492238
INFO:root:Running average rewards: -45.561128483944316 

INFO:root:Episode: 2
INFO:root:Ending episode: done False, consecutive negative rewards 101
INFO:root:Total steps in episode: 115
INFO:root:Replay buffer size: 276
INFO:root:Total step count: 276
INFO:root:Epsilon: 0.05
INFO:root:Total reward for episode: -8.585034013606084
INFO:root:Running average rewards: -33.235763660498236 

INFO:root:Episode: 3
INFO:root:Ending episode: done False, consecutive negative rewards 101
INFO:root:Total steps in episode: 110
INFO:root:Replay buffer size: 386
INFO:root:Total step count: 386
INFO:root:Epsilon: 0.05
INFO:root:Total reward for episode: -15.786833855799852
INFO:root:Running average rewards: -28.87353120932364 

INFO:root:Episode: 4
INFO:root:Ending episode: done False, consecutive negative rewards 101
INFO:root:Total steps in episode: 108
INFO:root:Replay buffer size: 494
INFO:root:Total step count: 494
INFO:root:Epsilon: 0.05
INFO:root:Total reward for episode: -24.962917933131145
INFO:root:Running average rewards: -28.09140855408514 

INFO:root:Episode: 5
INFO:root:Ending episode: done False, consecutive negative rewards 101
INFO:root:Total steps in episode: 112
INFO:root:Replay buffer size: 606
INFO:root:Total step count: 606
INFO:root:Epsilon: 0.05
INFO:root:Total reward for episode: -6.605555555556201
INFO:root:Running average rewards: -24.51043305433032 

INFO:root:Episode: 6
INFO:root:Ending episode: done False, consecutive negative rewards 101
INFO:root:Total steps in episode: 111
INFO:root:Replay buffer size: 717
INFO:root:Total step count: 717
INFO:root:Epsilon: 0.05
INFO:root:Total reward for episode: -11.396699669967598
INFO:root:Running average rewards: -22.637042570849932 

INFO:root:Episode: 7
INFO:root:Ending episode: done False, consecutive negative rewards 101
INFO:root:Total steps in episode: 141
INFO:root:Replay buffer size: 858
INFO:root:Total step count: 858
INFO:root:Epsilon: 0.05
INFO:root:Total reward for episode: -16.559362549801598
INFO:root:Running average rewards: -21.87733256821889 

INFO:root:Episode: 8
INFO:root:Ending episode: done False, consecutive negative rewards 101
INFO:root:Total steps in episode: 155
INFO:root:Replay buffer size: 1013
INFO:root:Total step count: 1013
INFO:root:Epsilon: 0.05
INFO:root:Total reward for episode: -7.652173913044358
INFO:root:Running average rewards: -20.296759384310608 

INFO:root:Episode: 9
INFO:root:Ending episode: done True, consecutive negative rewards 92
INFO:root:Total steps in episode: 97
INFO:root:Replay buffer size: 1110
INFO:root:Total step count: 1110
INFO:root:Epsilon: 0.05
INFO:root:Total reward for episode: -121.17839721254401
INFO:root:Running average rewards: -30.384923167133945 

INFO:root:Episode: 10
INFO:root:Ending episode: done True, consecutive negative rewards 49
INFO:root:Total steps in episode: 238
INFO:root:Replay buffer size: 1348
INFO:root:Total step count: 1348
INFO:root:Epsilon: 0.05
INFO:root:Total reward for episode: 77.07792207792639
INFO:root:Running average rewards: -20.615573599401188 

INFO:root:Episode: 11
INFO:root:Ending episode: done True, consecutive negative rewards 51
INFO:root:Total steps in episode: 69
INFO:root:Replay buffer size: 1417
INFO:root:Total step count: 1417
INFO:root:Epsilon: 0.05
INFO:root:Total reward for episode: -87.40000000000038
INFO:root:Running average rewards: -26.180942466117784 

INFO:root:Episode: 12
INFO:root:Ending episode: done False, consecutive negative rewards 101
INFO:root:Total steps in episode: 114
INFO:root:Replay buffer size: 1531
INFO:root:Total step count: 1531
INFO:root:Epsilon: 0.05
INFO:root:Total reward for episode: 10.6248995983944
INFO:root:Running average rewards: -23.349723845770693 

INFO:root:Episode: 13
INFO:root:Ending episode: done False, consecutive negative rewards 101
INFO:root:Total steps in episode: 113
INFO:root:Replay buffer size: 1644
INFO:root:Total step count: 1644
INFO:root:Epsilon: 0.05
INFO:root:Total reward for episode: 4.4688741721852665
INFO:root:Running average rewards: -21.36268113020241 

INFO:root:Episode: 14
INFO:root:Ending episode: done False, consecutive negative rewards 101
INFO:root:Total steps in episode: 119
INFO:root:Replay buffer size: 1763
INFO:root:Total step count: 1763
INFO:root:Epsilon: 0.05
INFO:root:Total reward for episode: 15.392125984253134
INFO:root:Running average rewards: -18.912360655905374 

INFO:root:Episode: 15
INFO:root:Ending episode: done False, consecutive negative rewards 101
INFO:root:Total steps in episode: 127
INFO:root:Replay buffer size: 1890
INFO:root:Total step count: 1890
INFO:root:Epsilon: 0.05
INFO:root:Total reward for episode: -0.3268138801268776
INFO:root:Running average rewards: -17.750763982419222 

INFO:root:Episode: 16
INFO:root:Ending episode: done False, consecutive negative rewards 101
INFO:root:Total steps in episode: 116
INFO:root:Replay buffer size: 2006
INFO:root:Total step count: 2006
INFO:root:Epsilon: 0.05
INFO:root:Total reward for episode: -6.544927536232542
INFO:root:Running average rewards: -17.091597132643535 

INFO:root:Episode: 17
INFO:root:Ending episode: done True, consecutive negative rewards 41
INFO:root:Total steps in episode: 58
INFO:root:Replay buffer size: 2064
INFO:root:Total step count: 2064
INFO:root:Epsilon: 0.05
INFO:root:Total reward for episode: -74.65709342560552
INFO:root:Running average rewards: -20.289680260030313 

INFO:root:Episode: 18
INFO:root:Ending episode: done False, consecutive negative rewards 101
INFO:root:Total steps in episode: 107
INFO:root:Replay buffer size: 2171
INFO:root:Total step count: 2171
INFO:root:Epsilon: 0.05
INFO:root:Total reward for episode: -21.2946236559145
INFO:root:Running average rewards: -20.342572017708427 

INFO:root:Episode: 19
INFO:root:Ending episode: done False, consecutive negative rewards 101
INFO:root:Total steps in episode: 169
INFO:root:Replay buffer size: 2340
INFO:root:Total step count: 2340
INFO:root:Epsilon: 0.05
INFO:root:Total reward for episode: -10.553020134229154
INFO:root:Running average rewards: -19.853094423534465 

INFO:root:Episode: 20
INFO:root:Ending episode: done False, consecutive negative rewards 101
INFO:root:Total steps in episode: 132
INFO:root:Replay buffer size: 2472
INFO:root:Total step count: 2472
INFO:root:Epsilon: 0.05
INFO:root:Total reward for episode: -2.620788530466605
INFO:root:Running average rewards: -19.03250842862647 

INFO:root:Episode: 21
INFO:root:Ending episode: done True, consecutive negative rewards 101
INFO:root:Total steps in episode: 238
INFO:root:Replay buffer size: 2710
INFO:root:Total step count: 2710
INFO:root:Epsilon: 0.05
INFO:root:Total reward for episode: 7.473498233215473
INFO:root:Running average rewards: -17.82768994399729 

INFO:root:Episode: 22
INFO:root:Ending episode: done True, consecutive negative rewards 89
INFO:root:Total steps in episode: 98
INFO:root:Replay buffer size: 2808
INFO:root:Total step count: 2808
INFO:root:Epsilon: 0.05
INFO:root:Total reward for episode: -108.69696969697023
INFO:root:Running average rewards: -21.77852819412655 

INFO:root:Episode: 23
INFO:root:Ending episode: done False, consecutive negative rewards 101
INFO:root:Total steps in episode: 193
INFO:root:Replay buffer size: 3001
INFO:root:Total step count: 3001
INFO:root:Epsilon: 0.05
INFO:root:Total reward for episode: -13.441610738256093
INFO:root:Running average rewards: -21.431156633465278 

INFO:root:Episode: 24
INFO:root:Ending episode: done False, consecutive negative rewards 101
INFO:root:Total steps in episode: 112
INFO:root:Replay buffer size: 3113
INFO:root:Total step count: 3113
INFO:root:Epsilon: 0.05
INFO:root:Total reward for episode: -9.339007092199225
INFO:root:Running average rewards: -20.947470651814637 

INFO:root:Episode: 25
INFO:root:Ending episode: done False, consecutive negative rewards 101
INFO:root:Total steps in episode: 113
INFO:root:Replay buffer size: 3226
INFO:root:Total step count: 3226
INFO:root:Epsilon: 0.05
INFO:root:Total reward for episode: -8.410702341137771
INFO:root:Running average rewards: -20.46528725525014 

INFO:root:Episode: 26
INFO:root:Ending episode: done False, consecutive negative rewards 101
INFO:root:Total steps in episode: 143
INFO:root:Replay buffer size: 3369
INFO:root:Total step count: 3369
INFO:root:Epsilon: 0.05
INFO:root:Total reward for episode: 14.451090342679535
INFO:root:Running average rewards: -19.17208808495645 

INFO:root:Episode: 27
INFO:root:Ending episode: done False, consecutive negative rewards 101
INFO:root:Total steps in episode: 119
INFO:root:Replay buffer size: 3488
INFO:root:Total step count: 3488
INFO:root:Epsilon: 0.05
INFO:root:Total reward for episode: -17.798675496689306
INFO:root:Running average rewards: -19.12303763537548 

INFO:root:Episode: 28
INFO:root:Ending episode: done False, consecutive negative rewards 101
INFO:root:Total steps in episode: 198
INFO:root:Replay buffer size: 3686
INFO:root:Total step count: 3686
INFO:root:Epsilon: 0.05
INFO:root:Total reward for episode: -51.22797202797287
INFO:root:Running average rewards: -20.23010433856849 

INFO:root:Episode: 29
INFO:root:Ending episode: done False, consecutive negative rewards 101
INFO:root:Total steps in episode: 191
INFO:root:Replay buffer size: 3877
INFO:root:Total step count: 3877
INFO:root:Epsilon: 0.05
INFO:root:Total reward for episode: 3.447908745246785
INFO:root:Running average rewards: -19.44083723577465 

INFO:root:Episode: 30
INFO:root:Ending episode: done True, consecutive negative rewards 37
INFO:root:Total steps in episode: 45
INFO:root:Replay buffer size: 3922
INFO:root:Total step count: 3922
INFO:root:Epsilon: 0.05
INFO:root:Total reward for episode: -82.36431095406388
INFO:root:Running average rewards: -21.47062671055817 

INFO:root:Episode: 31
INFO:root:Ending episode: done False, consecutive negative rewards 101
INFO:root:Total steps in episode: 109
INFO:root:Replay buffer size: 4031
INFO:root:Total step count: 4031
INFO:root:Epsilon: 0.05
INFO:root:Total reward for episode: -19.37854671280327
INFO:root:Running average rewards: -21.405249210628334 

INFO:root:Episode: 32
INFO:root:Ending episode: done False, consecutive negative rewards 101
INFO:root:Total steps in episode: 113
INFO:root:Replay buffer size: 4144
INFO:root:Total step count: 4144
INFO:root:Epsilon: 0.05
INFO:root:Total reward for episode: -9.485714285714941
INFO:root:Running average rewards: -21.044051182600654 

INFO:root:Episode: 33
INFO:root:Ending episode: done False, consecutive negative rewards 101
INFO:root:Total steps in episode: 123
INFO:root:Replay buffer size: 4267
INFO:root:Total step count: 4267
INFO:root:Epsilon: 0.05
INFO:root:Total reward for episode: -9.925075528701534
INFO:root:Running average rewards: -20.71702248689774 

INFO:root:Episode: 34
INFO:root:Ending episode: done True, consecutive negative rewards 65
INFO:root:Total steps in episode: 115
INFO:root:Replay buffer size: 4382
INFO:root:Total step count: 4382
INFO:root:Epsilon: 0.05
INFO:root:Total reward for episode: -88.36756756756822
INFO:root:Running average rewards: -22.649895203488327 

INFO:root:Episode: 35
INFO:root:Ending episode: done False, consecutive negative rewards 101
INFO:root:Total steps in episode: 112
INFO:root:Replay buffer size: 4494
INFO:root:Total step count: 4494
INFO:root:Epsilon: 0.05
INFO:root:Total reward for episode: -12.541935483871585
INFO:root:Running average rewards: -22.369118544610085 

INFO:root:Episode: 36
INFO:root:Ending episode: done True, consecutive negative rewards 90
INFO:root:Total steps in episode: 99
INFO:root:Replay buffer size: 4593
INFO:root:Total step count: 4593
INFO:root:Epsilon: 0.05
INFO:root:Total reward for episode: -102.99636963696427
INFO:root:Running average rewards: -24.548233438998032 

INFO:root:Episode: 37
INFO:root:Ending episode: done True, consecutive negative rewards 20
INFO:root:Total steps in episode: 26
INFO:root:Replay buffer size: 4619
INFO:root:Total step count: 4619
INFO:root:Epsilon: 0.05
INFO:root:Total reward for episode: -88.6615384615386
INFO:root:Running average rewards: -26.235425676433312 

INFO:root:Episode: 38
INFO:root:Ending episode: done False, consecutive negative rewards 101
INFO:root:Total steps in episode: 121
INFO:root:Replay buffer size: 4740
INFO:root:Total step count: 4740
INFO:root:Epsilon: 0.05
INFO:root:Total reward for episode: -12.685714285714921
INFO:root:Running average rewards: -25.887997179235406 

INFO:root:Episode: 39
INFO:root:Ending episode: done True, consecutive negative rewards 23
INFO:root:Total steps in episode: 29
INFO:root:Replay buffer size: 4769
INFO:root:Total step count: 4769
INFO:root:Epsilon: 0.05
INFO:root:Total reward for episode: -90.65103244837775
INFO:root:Running average rewards: -27.507073060963968 

INFO:root:Episode: 40
INFO:root:Ending episode: done False, consecutive negative rewards 101
INFO:root:Total steps in episode: 131
INFO:root:Replay buffer size: 4900
INFO:root:Total step count: 4900
INFO:root:Epsilon: 0.05
INFO:root:Total reward for episode: -20.93146853146917
INFO:root:Running average rewards: -27.346692462683606 

INFO:root:Episode: 41
INFO:root:Ending episode: done False, consecutive negative rewards 101
INFO:root:Total steps in episode: 129
INFO:root:Replay buffer size: 5029
INFO:root:Total step count: 5029
INFO:root:Epsilon: 0.05
INFO:root:Total reward for episode: -5.395379537954554
INFO:root:Running average rewards: -26.82404215495196 

INFO:root:Episode: 42
INFO:root:Ending episode: done False, consecutive negative rewards 101
INFO:root:Total steps in episode: 111
INFO:root:Replay buffer size: 5140
INFO:root:Total step count: 5140
INFO:root:Epsilon: 0.05
INFO:root:Total reward for episode: -6.46896551724199
INFO:root:Running average rewards: -26.35066827965638 

INFO:root:Episode: 43
INFO:root:Ending episode: done False, consecutive negative rewards 101
INFO:root:Total steps in episode: 106
INFO:root:Replay buffer size: 5246
INFO:root:Total step count: 5246
INFO:root:Epsilon: 0.05
INFO:root:Total reward for episode: -32.40000000000048
INFO:root:Running average rewards: -26.488153091482385 

INFO:root:Episode: 44
INFO:root:Ending episode: done False, consecutive negative rewards 101
INFO:root:Total steps in episode: 105
INFO:root:Replay buffer size: 5351
INFO:root:Total step count: 5351
INFO:root:Epsilon: 0.05
INFO:root:Total reward for episode: -26.674329501916255
INFO:root:Running average rewards: -26.49229034504758 

INFO:root:Episode: 45
INFO:root:Ending episode: done False, consecutive negative rewards 101
INFO:root:Total steps in episode: 105
INFO:root:Replay buffer size: 5456
INFO:root:Total step count: 5456
INFO:root:Epsilon: 0.05
INFO:root:Total reward for episode: -27.01872659176084
INFO:root:Running average rewards: -26.50373461128048 

INFO:root:Episode: 46
INFO:root:Ending episode: done False, consecutive negative rewards 101
INFO:root:Total steps in episode: 105
INFO:root:Replay buffer size: 5561
INFO:root:Total step count: 5561
INFO:root:Epsilon: 0.05
INFO:root:Total reward for episode: -28.39455782312973
INFO:root:Running average rewards: -26.543964892383652 

INFO:root:Episode: 47
INFO:root:Ending episode: done True, consecutive negative rewards 75
INFO:root:Total steps in episode: 238
INFO:root:Replay buffer size: 5799
INFO:root:Total step count: 5799
INFO:root:Epsilon: 0.05
INFO:root:Total reward for episode: -53.646616541354625
INFO:root:Running average rewards: -27.10860346840388 

INFO:root:Episode: 48
INFO:root:Ending episode: done False, consecutive negative rewards 101
INFO:root:Total steps in episode: 107
INFO:root:Replay buffer size: 5906
INFO:root:Total step count: 5906
INFO:root:Epsilon: 0.05
INFO:root:Total reward for episode: -27.829940119760906
INFO:root:Running average rewards: -27.123324624554026 

INFO:root:Episode: 49
INFO:root:Ending episode: done False, consecutive negative rewards 101
INFO:root:Total steps in episode: 112
INFO:root:Replay buffer size: 6018
INFO:root:Total step count: 6018
INFO:root:Epsilon: 0.05
INFO:root:Total reward for episode: -0.8439560439563536
INFO:root:Running average rewards: -26.59773725294207 

INFO:root:Episode: 50
INFO:root:Ending episode: done False, consecutive negative rewards 101
INFO:root:Total steps in episode: 110
INFO:root:Replay buffer size: 6128
INFO:root:Total step count: 6128
INFO:root:Epsilon: 0.05
INFO:root:Total reward for episode: -4.714285714286355
INFO:root:Running average rewards: -26.16864996787039 

INFO:root:Episode: 51
INFO:root:Ending episode: done False, consecutive negative rewards 101
INFO:root:Total steps in episode: 110
INFO:root:Replay buffer size: 6238
INFO:root:Total step count: 6238
INFO:root:Epsilon: 0.05
INFO:root:Total reward for episode: -5.403508771930447
INFO:root:Running average rewards: -25.769320329486934 

INFO:root:Episode: 52
INFO:root:Ending episode: done True, consecutive negative rewards 92
INFO:root:Total steps in episode: 238
INFO:root:Replay buffer size: 6476
INFO:root:Total step count: 6476
INFO:root:Epsilon: 0.05
INFO:root:Total reward for episode: -42.55244755244855
INFO:root:Running average rewards: -26.08598310727866 

INFO:root:Episode: 53
INFO:root:Ending episode: done False, consecutive negative rewards 101
INFO:root:Total steps in episode: 201
INFO:root:Replay buffer size: 6677
INFO:root:Total step count: 6677
INFO:root:Epsilon: 0.05
INFO:root:Total reward for episode: -25.45494505494611
INFO:root:Running average rewards: -26.07429721742065 

INFO:root:Episode: 54
INFO:root:Ending episode: done False, consecutive negative rewards 101
INFO:root:Total steps in episode: 111
INFO:root:Replay buffer size: 6788
INFO:root:Total step count: 6788
INFO:root:Epsilon: 0.05
INFO:root:Total reward for episode: -0.6043795620441443
INFO:root:Running average rewards: -25.611207805504716 

INFO:root:Episode: 55
INFO:root:Ending episode: done False, consecutive negative rewards 101
INFO:root:Total steps in episode: 111
INFO:root:Replay buffer size: 6899
INFO:root:Total step count: 6899
INFO:root:Epsilon: 0.05
INFO:root:Total reward for episode: 0.044444444444181386
INFO:root:Running average rewards: -25.153071158184193 

INFO:root:Episode: 56
INFO:root:Ending episode: done False, consecutive negative rewards 101
INFO:root:Total steps in episode: 107
INFO:root:Replay buffer size: 7006
INFO:root:Total step count: 7006
INFO:root:Epsilon: 0.05
INFO:root:Total reward for episode: -18.409756097561498
INFO:root:Running average rewards: -25.034767385190815 

INFO:root:Episode: 57
INFO:root:Ending episode: done False, consecutive negative rewards 101
INFO:root:Total steps in episode: 105
INFO:root:Replay buffer size: 7111
INFO:root:Total step count: 7111
INFO:root:Epsilon: 0.05
INFO:root:Total reward for episode: -27.45454545454598
INFO:root:Running average rewards: -25.07648769673142 

INFO:root:Episode: 58
INFO:root:Ending episode: done True, consecutive negative rewards 23
INFO:root:Total steps in episode: 48
INFO:root:Replay buffer size: 7159
INFO:root:Total step count: 7159
INFO:root:Epsilon: 0.05
INFO:root:Total reward for episode: -22.536977491960727
INFO:root:Running average rewards: -25.033445150887847 

INFO:root:Episode: 59
INFO:root:Ending episode: done False, consecutive negative rewards 101
INFO:root:Total steps in episode: 139
INFO:root:Replay buffer size: 7298
INFO:root:Total step count: 7298
INFO:root:Epsilon: 0.05
INFO:root:Total reward for episode: 73.11287128713163
INFO:root:Running average rewards: -23.39767321025419 

INFO:root:Episode: 60
INFO:root:Ending episode: done True, consecutive negative rewards 30
INFO:root:Total steps in episode: 57
INFO:root:Replay buffer size: 7355
INFO:root:Total step count: 7355
INFO:root:Epsilon: 0.05
INFO:root:Total reward for episode: 3.4992805755405385
INFO:root:Running average rewards: -22.956739541634605 

INFO:root:Episode: 61
INFO:root:Ending episode: done True, consecutive negative rewards 41
INFO:root:Total steps in episode: 74
INFO:root:Replay buffer size: 7429
INFO:root:Total step count: 7429
INFO:root:Epsilon: 0.05
INFO:root:Total reward for episode: -17.0968992248048
INFO:root:Running average rewards: -22.862225988137347 

INFO:root:Episode: 62
INFO:root:Ending episode: done False, consecutive negative rewards 101
INFO:root:Total steps in episode: 110
INFO:root:Replay buffer size: 7539
INFO:root:Total step count: 7539
INFO:root:Epsilon: 0.05
INFO:root:Total reward for episode: -2.9552238805974653
INFO:root:Running average rewards: -22.546241827700207 

INFO:root:Episode: 63
INFO:root:Ending episode: done True, consecutive negative rewards 80
INFO:root:Total steps in episode: 90
INFO:root:Replay buffer size: 7629
INFO:root:Total step count: 7629
INFO:root:Epsilon: 0.05
INFO:root:Total reward for episode: -95.22203389830563
INFO:root:Running average rewards: -23.681801078803417 

INFO:root:Episode: 64
INFO:root:Ending episode: done True, consecutive negative rewards 76
INFO:root:Total steps in episode: 85
INFO:root:Replay buffer size: 7714
INFO:root:Total step count: 7714
INFO:root:Epsilon: 0.05
INFO:root:Total reward for episode: -96.18503401360591
INFO:root:Running average rewards: -24.79723543164653 

INFO:root:Episode: 65
INFO:root:Ending episode: done True, consecutive negative rewards 100
INFO:root:Total steps in episode: 109
INFO:root:Replay buffer size: 7823
INFO:root:Total step count: 7823
INFO:root:Epsilon: 0.05
INFO:root:Total reward for episode: -106.75514950166176
INFO:root:Running average rewards: -26.039022008464944 

INFO:root:Episode: 66
INFO:root:Ending episode: done False, consecutive negative rewards 101
INFO:root:Total steps in episode: 111
INFO:root:Replay buffer size: 7934
INFO:root:Total step count: 7934
INFO:root:Epsilon: 0.05
INFO:root:Total reward for episode: -1.2345323741011427
INFO:root:Running average rewards: -25.668805745265484 

INFO:root:Episode: 67
INFO:root:Ending episode: done True, consecutive negative rewards 49
INFO:root:Total steps in episode: 58
INFO:root:Replay buffer size: 7992
INFO:root:Total step count: 7992
INFO:root:Epsilon: 0.05
INFO:root:Total reward for episode: -85.42876712328798
INFO:root:Running average rewards: -26.54762870670699 

INFO:root:Episode: 68
INFO:root:Ending episode: done False, consecutive negative rewards 101
INFO:root:Total steps in episode: 111
INFO:root:Replay buffer size: 8103
INFO:root:Total step count: 8103
INFO:root:Epsilon: 0.05
INFO:root:Total reward for episode: -5.938461538462178
INFO:root:Running average rewards: -26.248945124558514 

INFO:root:Episode: 69
INFO:root:Ending episode: done True, consecutive negative rewards 47
INFO:root:Total steps in episode: 56
INFO:root:Replay buffer size: 8159
INFO:root:Total step count: 8159
INFO:root:Epsilon: 0.05
INFO:root:Total reward for episode: -87.07936507936537
INFO:root:Running average rewards: -27.1179511239129 

INFO:root:Episode: 70
INFO:root:Ending episode: done True, consecutive negative rewards 26
INFO:root:Total steps in episode: 45
INFO:root:Replay buffer size: 8204
INFO:root:Total step count: 8204
INFO:root:Epsilon: 0.05
INFO:root:Total reward for episode: -15.672340425531118
INFO:root:Running average rewards: -26.956745339428647 

INFO:root:Episode: 71
INFO:root:Ending episode: done False, consecutive negative rewards 101
INFO:root:Total steps in episode: 110
INFO:root:Replay buffer size: 8314
INFO:root:Total step count: 8314
INFO:root:Epsilon: 0.05
INFO:root:Total reward for episode: -8.157706093190598
INFO:root:Running average rewards: -26.695647572119793 

INFO:root:Episode: 72
INFO:root:Ending episode: done True, consecutive negative rewards 79
INFO:root:Total steps in episode: 89
INFO:root:Replay buffer size: 8403
INFO:root:Total step count: 8403
INFO:root:Epsilon: 0.05
INFO:root:Total reward for episode: -94.82203389830562
INFO:root:Running average rewards: -27.62888574097165 

INFO:root:Episode: 73
INFO:root:Ending episode: done True, consecutive negative rewards 88
INFO:root:Total steps in episode: 97
INFO:root:Replay buffer size: 8500
INFO:root:Total step count: 8500
INFO:root:Epsilon: 0.05
INFO:root:Total reward for episode: -100.69931271477716
INFO:root:Running average rewards: -28.616323943320374 

INFO:root:Episode: 74
INFO:root:Ending episode: done True, consecutive negative rewards 56
INFO:root:Total steps in episode: 65
INFO:root:Replay buffer size: 8565
INFO:root:Total step count: 8565
INFO:root:Epsilon: 0.05
INFO:root:Total reward for episode: -92.26341463414673
INFO:root:Running average rewards: -29.464951819198056 

INFO:root:Episode: 75
INFO:root:Ending episode: done False, consecutive negative rewards 101
INFO:root:Total steps in episode: 111
INFO:root:Replay buffer size: 8676
INFO:root:Total step count: 8676
INFO:root:Epsilon: 0.05
INFO:root:Total reward for episode: 5.186776859504555
INFO:root:Running average rewards: -29.009008020794077 

INFO:root:Episode: 76
INFO:root:Ending episode: done False, consecutive negative rewards 101
INFO:root:Total steps in episode: 122
INFO:root:Replay buffer size: 8798
INFO:root:Total step count: 8798
INFO:root:Epsilon: 0.05
INFO:root:Total reward for episode: 38.00555555555816
INFO:root:Running average rewards: -28.138689013308984 

INFO:root:Episode: 77
INFO:root:Ending episode: done True, consecutive negative rewards 87
INFO:root:Total steps in episode: 96
INFO:root:Replay buffer size: 8894
INFO:root:Total step count: 8894
INFO:root:Epsilon: 0.05
INFO:root:Total reward for episode: -97.1014981273412
INFO:root:Running average rewards: -29.02282759169401 

INFO:root:Episode: 78
INFO:root:Ending episode: done False, consecutive negative rewards 101
INFO:root:Total steps in episode: 111
INFO:root:Replay buffer size: 9005
INFO:root:Total step count: 9005
INFO:root:Epsilon: 0.05
INFO:root:Total reward for episode: -0.6043795620441443
INFO:root:Running average rewards: -28.663100401445273 

INFO:root:Episode: 79
INFO:root:Ending episode: done False, consecutive negative rewards 101
INFO:root:Total steps in episode: 110
INFO:root:Replay buffer size: 9115
INFO:root:Total step count: 9115
INFO:root:Epsilon: 0.05
INFO:root:Total reward for episode: -6.457337883959646
INFO:root:Running average rewards: -28.385528369976708 

INFO:root:Episode: 80
INFO:root:Ending episode: done True, consecutive negative rewards 41
INFO:root:Total steps in episode: 45
INFO:root:Replay buffer size: 9160
INFO:root:Total step count: 9160
INFO:root:Epsilon: 0.05
INFO:root:Total reward for episode: -103.41151079136716
INFO:root:Running average rewards: -29.311775066537084 

INFO:root:Episode: 81
INFO:root:Ending episode: done False, consecutive negative rewards 101
INFO:root:Total steps in episode: 107
INFO:root:Replay buffer size: 9267
INFO:root:Total step count: 9267
INFO:root:Epsilon: 0.05
INFO:root:Total reward for episode: -17.252554744526087
INFO:root:Running average rewards: -29.164711404073536 

INFO:root:Episode: 82
INFO:root:Ending episode: done True, consecutive negative rewards 64
INFO:root:Total steps in episode: 74
INFO:root:Replay buffer size: 9341
INFO:root:Total step count: 9341
INFO:root:Epsilon: 0.05
INFO:root:Total reward for episode: -87.87750865051943
INFO:root:Running average rewards: -29.872094503428304 

INFO:root:Episode: 83
INFO:root:Ending episode: done True, consecutive negative rewards 71
INFO:root:Total steps in episode: 113
INFO:root:Replay buffer size: 9454
INFO:root:Total step count: 9454
INFO:root:Epsilon: 0.05
INFO:root:Total reward for episode: -28.62093023255612
INFO:root:Running average rewards: -29.857199690679824 

INFO:root:Episode: 84
INFO:root:Ending episode: done True, consecutive negative rewards 35
INFO:root:Total steps in episode: 68
INFO:root:Replay buffer size: 9522
INFO:root:Total step count: 9522
INFO:root:Epsilon: 0.05
INFO:root:Total reward for episode: 6.702816901409747
INFO:root:Running average rewards: -29.42708184841995 

INFO:root:Episode: 85
INFO:root:Ending episode: done True, consecutive negative rewards 19
INFO:root:Total steps in episode: 44
INFO:root:Replay buffer size: 9566
INFO:root:Total step count: 9566
INFO:root:Epsilon: 0.05
INFO:root:Total reward for episode: -39.00170648464089
INFO:root:Running average rewards: -29.53841469302717 

INFO:root:Episode: 86
INFO:root:Ending episode: done False, consecutive negative rewards 101
INFO:root:Total steps in episode: 233
INFO:root:Replay buffer size: 9799
INFO:root:Total step count: 9799
INFO:root:Epsilon: 0.05
INFO:root:Total reward for episode: -8.989473684211795
INFO:root:Running average rewards: -29.30221996878791 

INFO:root:Episode: 87
INFO:root:Ending episode: done False, consecutive negative rewards 101
INFO:root:Total steps in episode: 111
INFO:root:Replay buffer size: 9910
INFO:root:Total step count: 9910
INFO:root:Epsilon: 0.05
INFO:root:Total reward for episode: 2.1116279069767714
INFO:root:Running average rewards: -28.945244424745134 

INFO:root:Episode: 88
INFO:root:Ending episode: done True, consecutive negative rewards 29
INFO:root:Total steps in episode: 60
INFO:root:Replay buffer size: 9970
INFO:root:Total step count: 9970
INFO:root:Epsilon: 0.05
INFO:root:Total reward for episode: 9.505802047782709
INFO:root:Running average rewards: -28.51321019471673 

INFO:root:Episode: 89
INFO:root:Ending episode: done False, consecutive negative rewards 101
INFO:root:Total steps in episode: 111
INFO:root:Replay buffer size: 10081
INFO:root:Total step count: 10081
INFO:root:Epsilon: 0.05
INFO:root:Total reward for episode: -5.690322580645784
INFO:root:Running average rewards: -28.259622554560387 

INFO:root:Episode: 90
INFO:root:Ending episode: done True, consecutive negative rewards 99
INFO:root:Total steps in episode: 238
INFO:root:Replay buffer size: 10319
INFO:root:Total step count: 10319
INFO:root:Epsilon: 0.05
INFO:root:Total reward for episode: 38.33333333333847
INFO:root:Running average rewards: -27.527831830517542 

INFO:root:Episode: 91
INFO:root:Ending episode: done False, consecutive negative rewards 101
INFO:root:Total steps in episode: 111
INFO:root:Replay buffer size: 10430
INFO:root:Total step count: 10430
INFO:root:Epsilon: 0.05
INFO:root:Total reward for episode: -4.926315789474302
INFO:root:Running average rewards: -27.28216317789751 

INFO:root:Episode: 92
INFO:root:Ending episode: done True, consecutive negative rewards 39
INFO:root:Total steps in episode: 49
INFO:root:Replay buffer size: 10479
INFO:root:Total step count: 10479
INFO:root:Epsilon: 0.05
INFO:root:Total reward for episode: -75.5043795620438
INFO:root:Running average rewards: -27.800681633641013 

